<?xml version="1.0" encoding="UTF-8" ?>
<testsuites disabled="0" errors="0" failures="0" tests="4" time="21.452">
 <testsuite name="demo calculator tests" timestamp="2024-02-21T09:51:07" hostname="localhost" time="21.452" errors="0" tests="4" skipped="0" disabled="0" failures="0">
  <testcase classname="demo calculator tests" name="addition test" time="6.43" />
  <testcase classname="demo calculator tests" name="subtraction test" time="5.106" />
  <testcase classname="demo calculator tests" name="multiplication test" time="4.98" />
  <testcase classname="demo calculator tests" name="division test" time="4.927" />
 </testsuite>
</testsuites>